<?xml version="1.0" encoding="UTF-8" ?>
<testsuite tests="16" failures="0" name="tests.TestRunner" time="8.443" errors="2" skipped="0">
  <properties>
[...]
</properties>
  <testcase classname="[tests/ConfigDemo] Config Demo" name="[1:8] Config Demo 1" time="0.017"/>
  <testcase classname="[tests/ConfigDemo] Config Demo" name="[2:12] Get Demo 1" time="1.489"/>
  <testcase classname="[tests/Delete] Delete API Demo" name="[1:3] Delete Demo 1" time="0.692"/>
  <testcase classname="[tests/FirstTest] Sample API Tests" name="[1:3] Test a Sample Get API" time="0.283"/>
  <testcase classname="[tests/FirstTest] Sample API Tests" name="[2:8] Test a Sample Get API 500" time="0.237">
    <error message="status code was: 200, expected: 500, response time in milliseconds: 178, url: https://reqres.in/api/users?page=2, response: 
{&quot;page&quot;:2,&quot;per_page&quot;:6,&quot;total&quot;:12,&quot;total_pages&quot;:2,&quot;data&quot;:[{&quot;id&quot;:7,&quot;email&quot;:&quot;michael.lawson@reqres.in&quot;,&quot;first_name&quot;:&quot;Michael&quot;,&quot;last_name&quot;:&quot;Lawson&quot;,&quot;avatar&quot;:&quot;https://reqres.in/img/faces/7-image.jpg&quot;},{&quot;id&quot;:8,&quot;email&quot;:&quot;lindsay.ferguson@reqres.in&quot;,&quot;first_name&quot;:&quot;Lindsay&quot;,&quot;last_name&quot;:&quot;Ferguson&quot;,&quot;avatar&quot;:&quot;https://reqres.in/img/faces/8-image.jpg&quot;},{&quot;id&quot;:9,&quot;email&quot;:&quot;tobias.funke@reqres.in&quot;,&quot;first_name&quot;:&quot;Tobias&quot;,&quot;last_name&quot;:&quot;Funke&quot;,&quot;avatar&quot;:&quot;https://reqres.in/img/faces/9-image.jpg&quot;},{&quot;id&quot;:10,&quot;email&quot;:&quot;byron.fields@reqres.in&quot;,&quot;first_name&quot;:&quot;Byron&quot;,&quot;last_name&quot;:&quot;Fields&quot;,&quot;avatar&quot;:&quot;https://reqres.in/img/faces/10-image.jpg&quot;},{&quot;id&quot;:11,&quot;email&quot;:&quot;george.edwards@reqres.in&quot;,&quot;first_name&quot;:&quot;George&quot;,&quot;last_name&quot;:&quot;Edwards&quot;,&quot;avatar&quot;:&quot;https://reqres.in/img/faces/11-image.jpg&quot;},{&quot;id&quot;:12,&quot;email&quot;:&quot;rachel.howell@reqres.in&quot;,&quot;first_name&quot;:&quot;Rachel&quot;,&quot;last_name&quot;:&quot;Howell&quot;,&quot;avatar&quot;:&quot;https://reqres.in/img/faces/12-image.jpg&quot;}],&quot;support&quot;:{&quot;url&quot;:&quot;https://reqres.in/#support-heading&quot;,&quot;text&quot;:&quot;To keep ReqRes free, contributions towards server costs are appreciated!&quot;}}
classpath:tests/FirstTest.feature:11" type="com.intuit.karate.KarateException">com.intuit.karate.KarateException: status code was: 200, expected: 500, response time in milliseconds: 178, url: https://reqres.in/api/users?page=2, response: 
{&quot;page&quot;:2,&quot;per_page&quot;:6,&quot;total&quot;:12,&quot;total_pages&quot;:2,&quot;data&quot;:[{&quot;id&quot;:7,&quot;email&quot;:&quot;michael.lawson@reqres.in&quot;,&quot;first_name&quot;:&quot;Michael&quot;,&quot;last_name&quot;:&quot;Lawson&quot;,&quot;avatar&quot;:&quot;https://reqres.in/img/faces/7-image.jpg&quot;},{&quot;id&quot;:8,&quot;email&quot;:&quot;lindsay.ferguson@reqres.in&quot;,&quot;first_name&quot;:&quot;Lindsay&quot;,&quot;last_name&quot;:&quot;Ferguson&quot;,&quot;avatar&quot;:&quot;https://reqres.in/img/faces/8-image.jpg&quot;},{&quot;id&quot;:9,&quot;email&quot;:&quot;tobias.funke@reqres.in&quot;,&quot;first_name&quot;:&quot;Tobias&quot;,&quot;last_name&quot;:&quot;Funke&quot;,&quot;avatar&quot;:&quot;https://reqres.in/img/faces/9-image.jpg&quot;},{&quot;id&quot;:10,&quot;email&quot;:&quot;byron.fields@reqres.in&quot;,&quot;first_name&quot;:&quot;Byron&quot;,&quot;last_name&quot;:&quot;Fields&quot;,&quot;avatar&quot;:&quot;https://reqres.in/img/faces/10-image.jpg&quot;},{&quot;id&quot;:11,&quot;email&quot;:&quot;george.edwards@reqres.in&quot;,&quot;first_name&quot;:&quot;George&quot;,&quot;last_name&quot;:&quot;Edwards&quot;,&quot;avatar&quot;:&quot;https://reqres.in/img/faces/11-image.jpg&quot;},{&quot;id&quot;:12,&quot;email&quot;:&quot;rachel.howell@reqres.in&quot;,&quot;first_name&quot;:&quot;Rachel&quot;,&quot;last_name&quot;:&quot;Howell&quot;,&quot;avatar&quot;:&quot;https://reqres.in/img/faces/12-image.jpg&quot;}],&quot;support&quot;:{&quot;url&quot;:&quot;https://reqres.in/#support-heading&quot;,&quot;text&quot;:&quot;To keep ReqRes free, contributions towards server costs are appreciated!&quot;}}
classpath:tests/FirstTest.feature:11
	at &lt;feature&gt;.: Then status 500 (classpath:tests/FirstTest.feature:11:11)
</error>
    <system-out>20:26:51.171 [main] INFO com.intuit.karate - The value of env is  null 
20:26:51.182 [main] DEBUG karate.org.apache.http.client.protocol.RequestAddCookies - CookieSpec selected: karate
20:26:51.183 [main] DEBUG karate.org.apache.http.client.protocol.RequestAuthCache - Auth cache not set in the context
20:26:51.183 [main] DEBUG com.intuit.karate - request:
1 &gt; GET https://reqres.in/api/users?page=2
1 &gt; Host: reqres.in
1 &gt; Connection: Keep-Alive
1 &gt; User-Agent: Apache-HttpClient/4.5.13 (Java/15.0.2)
1 &gt; Accept-Encoding: gzip,deflate


20:26:51.184 [main] DEBUG karate.org.apache.http.impl.conn.PoolingHttpClientConnectionManager - Connection request: [route: {s}-&gt;https://reqres.in:443][total available: 0; route allocated: 0 of 5; total allocated: 0 of 10]
20:26:51.185 [main] DEBUG karate.org.apache.http.impl.conn.PoolingHttpClientConnectionManager - Connection leased: [id: 3][route: {s}-&gt;https://reqres.in:443][total available: 0; route allocated: 1 of 5; total allocated: 1 of 10]
20:26:51.185 [main] DEBUG karate.org.apache.http.impl.execchain.MainClientExec - Opening connection {s}-&gt;https://reqres.in:443
20:26:51.186 [main] DEBUG karate.org.apache.http.impl.conn.DefaultHttpClientConnectionOperator - Connecting to reqres.in/104.26.10.213:443
20:26:51.186 [main] DEBUG karate.org.apache.http.conn.ssl.SSLConnectionSocketFactory - Connecting socket to reqres.in/104.26.10.213:443 with timeout 30000
20:26:51.226 [main] DEBUG karate.org.apache.http.conn.ssl.SSLConnectionSocketFactory - Enabled protocols: [TLSv1.3, TLSv1.2, TLSv1.1, TLSv1]
20:26:51.226 [main] DEBUG karate.org.apache.http.conn.ssl.SSLConnectionSocketFactory - Enabled cipher suites:[TLS_AES_256_GCM_SHA384, TLS_AES_128_GCM_SHA256, TLS_CHACHA20_POLY1305_SHA256, TLS_ECDHE_ECDSA_WITH_AES_256_GCM_SHA384, TLS_ECDHE_ECDSA_WITH_AES_128_GCM_SHA256, TLS_ECDHE_ECDSA_WITH_CHACHA20_POLY1305_SHA256, TLS_ECDHE_RSA_WITH_AES_256_GCM_SHA384, TLS_ECDHE_RSA_WITH_CHACHA20_POLY1305_SHA256, TLS_ECDHE_RSA_WITH_AES_128_GCM_SHA256, TLS_DHE_RSA_WITH_AES_256_GCM_SHA384, TLS_DHE_RSA_WITH_CHACHA20_POLY1305_SHA256, TLS_DHE_DSS_WITH_AES_256_GCM_SHA384, TLS_DHE_RSA_WITH_AES_128_GCM_SHA256, TLS_DHE_DSS_WITH_AES_128_GCM_SHA256, TLS_ECDHE_ECDSA_WITH_AES_256_CBC_SHA384, TLS_ECDHE_RSA_WITH_AES_256_CBC_SHA384, TLS_ECDHE_ECDSA_WITH_AES_128_CBC_SHA256, TLS_ECDHE_RSA_WITH_AES_128_CBC_SHA256, TLS_DHE_RSA_WITH_AES_256_CBC_SHA256, TLS_DHE_DSS_WITH_AES_256_CBC_SHA256, TLS_DHE_RSA_WITH_AES_128_CBC_SHA256, TLS_DHE_DSS_WITH_AES_128_CBC_SHA256, TLS_ECDH_ECDSA_WITH_AES_256_GCM_SHA384, TLS_ECDH_RSA_WITH_AES_256_GCM_SHA384, TLS_ECDH_ECDSA_WITH_AES_128_GCM_SHA256, TLS_ECDH_RSA_WITH_AES_128_GCM_SHA256, TLS_ECDH_ECDSA_WITH_AES_256_CBC_SHA384, TLS_ECDH_RSA_WITH_AES_256_CBC_SHA384, TLS_ECDH_ECDSA_WITH_AES_128_CBC_SHA256, TLS_ECDH_RSA_WITH_AES_128_CBC_SHA256, TLS_ECDHE_ECDSA_WITH_AES_256_CBC_SHA, TLS_ECDHE_RSA_WITH_AES_256_CBC_SHA, TLS_ECDHE_ECDSA_WITH_AES_128_CBC_SHA, TLS_ECDHE_RSA_WITH_AES_128_CBC_SHA, TLS_DHE_RSA_WITH_AES_256_CBC_SHA, TLS_DHE_DSS_WITH_AES_256_CBC_SHA, TLS_DHE_RSA_WITH_AES_128_CBC_SHA, TLS_DHE_DSS_WITH_AES_128_CBC_SHA, TLS_ECDH_ECDSA_WITH_AES_256_CBC_SHA, TLS_ECDH_RSA_WITH_AES_256_CBC_SHA, TLS_ECDH_ECDSA_WITH_AES_128_CBC_SHA, TLS_ECDH_RSA_WITH_AES_128_CBC_SHA, TLS_RSA_WITH_AES_256_GCM_SHA384, TLS_RSA_WITH_AES_128_GCM_SHA256, TLS_RSA_WITH_AES_256_CBC_SHA256, TLS_RSA_WITH_AES_128_CBC_SHA256, TLS_RSA_WITH_AES_256_CBC_SHA, TLS_RSA_WITH_AES_128_CBC_SHA, TLS_EMPTY_RENEGOTIATION_INFO_SCSV]
20:26:51.227 [main] DEBUG karate.org.apache.http.conn.ssl.SSLConnectionSocketFactory - Starting handshake
20:26:51.296 [main] DEBUG karate.org.apache.http.conn.ssl.SSLConnectionSocketFactory - Secure session established
20:26:51.296 [main] DEBUG karate.org.apache.http.conn.ssl.SSLConnectionSocketFactory -  negotiated protocol: TLSv1.3
20:26:51.296 [main] DEBUG karate.org.apache.http.conn.ssl.SSLConnectionSocketFactory -  negotiated cipher suite: TLS_AES_256_GCM_SHA384
20:26:51.296 [main] DEBUG karate.org.apache.http.conn.ssl.SSLConnectionSocketFactory -  peer principal: CN=sni.cloudflaressl.com, O=&quot;Cloudflare, Inc.&quot;, L=San Francisco, ST=California, C=US
20:26:51.296 [main] DEBUG karate.org.apache.http.conn.ssl.SSLConnectionSocketFactory -  peer alternative names: [*.reqres.in, reqres.in, sni.cloudflaressl.com]
20:26:51.297 [main] DEBUG karate.org.apache.http.conn.ssl.SSLConnectionSocketFactory -  issuer principal: CN=Cloudflare Inc ECC CA-3, O=&quot;Cloudflare, Inc.&quot;, C=US
20:26:51.297 [main] DEBUG karate.org.apache.http.impl.conn.DefaultHttpClientConnectionOperator - Connection established 192.168.68.112:56082&lt;-&gt;104.26.10.213:443
20:26:51.297 [main] DEBUG karate.org.apache.http.impl.conn.DefaultManagedHttpClientConnection - http-outgoing-3: set socket timeout to 30000
20:26:51.297 [main] DEBUG karate.org.apache.http.impl.execchain.MainClientExec - Executing request GET /api/users?page=2 HTTP/1.1
20:26:51.297 [main] DEBUG karate.org.apache.http.impl.execchain.MainClientExec - Target auth state: UNCHALLENGED
20:26:51.297 [main] DEBUG karate.org.apache.http.impl.execchain.MainClientExec - Proxy auth state: UNCHALLENGED
20:26:51.297 [main] DEBUG karate.org.apache.http.headers - http-outgoing-3 &gt;&gt; GET /api/users?page=2 HTTP/1.1
20:26:51.297 [main] DEBUG karate.org.apache.http.headers - http-outgoing-3 &gt;&gt; Host: reqres.in
20:26:51.297 [main] DEBUG karate.org.apache.http.headers - http-outgoing-3 &gt;&gt; Connection: Keep-Alive
20:26:51.297 [main] DEBUG karate.org.apache.http.headers - http-outgoing-3 &gt;&gt; User-Agent: Apache-HttpClient/4.5.13 (Java/15.0.2)
20:26:51.297 [main] DEBUG karate.org.apache.http.headers - http-outgoing-3 &gt;&gt; Accept-Encoding: gzip,deflate
20:26:51.297 [main] DEBUG karate.org.apache.http.wire - http-outgoing-3 &gt;&gt; &quot;GET /api/users?page=2 HTTP/1.1[\r][\n]&quot;
20:26:51.297 [main] DEBUG karate.org.apache.http.wire - http-outgoing-3 &gt;&gt; &quot;Host: reqres.in[\r][\n]&quot;
20:26:51.297 [main] DEBUG karate.org.apache.http.wire - http-outgoing-3 &gt;&gt; &quot;Connection: Keep-Alive[\r][\n]&quot;
20:26:51.297 [main] DEBUG karate.org.apache.http.wire - http-outgoing-3 &gt;&gt; &quot;User-Agent: Apache-HttpClient/4.5.13 (Java/15.0.2)[\r][\n]&quot;
20:26:51.297 [main] DEBUG karate.org.apache.http.wire - http-outgoing-3 &gt;&gt; &quot;Accept-Encoding: gzip,deflate[\r][\n]&quot;
20:26:51.297 [main] DEBUG karate.org.apache.http.wire - http-outgoing-3 &gt;&gt; &quot;[\r][\n]&quot;
20:26:51.352 [main] DEBUG karate.org.apache.http.wire - http-outgoing-3 &lt;&lt; &quot;HTTP/1.1 200 OK[\r][\n]&quot;
20:26:51.352 [main] DEBUG karate.org.apache.http.wire - http-outgoing-3 &lt;&lt; &quot;Date: Sun, 08 Jan 2023 23:26:53 GMT[\r][\n]&quot;
20:26:51.353 [main] DEBUG karate.org.apache.http.wire - http-outgoing-3 &lt;&lt; &quot;Content-Type: application/json; charset=utf-8[\r][\n]&quot;
20:26:51.353 [main] DEBUG karate.org.apache.http.wire - http-outgoing-3 &lt;&lt; &quot;Transfer-Encoding: chunked[\r][\n]&quot;
20:26:51.353 [main] DEBUG karate.org.apache.http.wire - http-outgoing-3 &lt;&lt; &quot;Connection: keep-alive[\r][\n]&quot;
20:26:51.353 [main] DEBUG karate.org.apache.http.wire - http-outgoing-3 &lt;&lt; &quot;X-Powered-By: Express[\r][\n]&quot;
20:26:51.353 [main] DEBUG karate.org.apache.http.wire - http-outgoing-3 &lt;&lt; &quot;Access-Control-Allow-Origin: *[\r][\n]&quot;
20:26:51.353 [main] DEBUG karate.org.apache.http.wire - http-outgoing-3 &lt;&lt; &quot;Etag: W/&quot;406-ut0vzoCuidvyMf8arZpMpJ6ZRDw&quot;[\r][\n]&quot;
20:26:51.353 [main] DEBUG karate.org.apache.http.wire - http-outgoing-3 &lt;&lt; &quot;Via: 1.1 vegur[\r][\n]&quot;
20:26:51.353 [main] DEBUG karate.org.apache.http.wire - http-outgoing-3 &lt;&lt; &quot;Cache-Control: max-age=14400[\r][\n]&quot;
20:26:51.353 [main] DEBUG karate.org.apache.http.wire - http-outgoing-3 &lt;&lt; &quot;CF-Cache-Status: HIT[\r][\n]&quot;
20:26:51.353 [main] DEBUG karate.org.apache.http.wire - http-outgoing-3 &lt;&lt; &quot;Age: 2912[\r][\n]&quot;
20:26:51.353 [main] DEBUG karate.org.apache.http.wire - http-outgoing-3 &lt;&lt; &quot;Report-To: {&quot;endpoints&quot;:[{&quot;url&quot;:&quot;https:\/\/a.nel.cloudflare.com\/report\/v3?s=SO9EMd429NuoyGTqXBT0Jqi4gkmMw78GZN8vzqeqNL9lhz9mEZZL0NbzNFtTZYBllUy3asKCWMpnu%2F1q%2BqqM4T7AlzKAke0nPVeZNRc2wNYRu2B32QDB0IpkmQ%3D%3D&quot;}],&quot;group&quot;:&quot;cf-nel&quot;,&quot;max_age&quot;:604800}[\r][\n]&quot;
20:26:51.354 [main] DEBUG karate.org.apache.http.wire - http-outgoing-3 &lt;&lt; &quot;NEL: {&quot;success_fraction&quot;:0,&quot;report_to&quot;:&quot;cf-nel&quot;,&quot;max_age&quot;:604800}[\r][\n]&quot;
20:26:51.354 [main] DEBUG karate.org.apache.http.wire - http-outgoing-3 &lt;&lt; &quot;Vary: Accept-Encoding[\r][\n]&quot;
20:26:51.354 [main] DEBUG karate.org.apache.http.wire - http-outgoing-3 &lt;&lt; &quot;Server: cloudflare[\r][\n]&quot;
20:26:51.354 [main] DEBUG karate.org.apache.http.wire - http-outgoing-3 &lt;&lt; &quot;CF-RAY: 7868b361af8f1b0e-GRU[\r][\n]&quot;
20:26:51.354 [main] DEBUG karate.org.apache.http.wire - http-outgoing-3 &lt;&lt; &quot;Content-Encoding: gzip[\r][\n]&quot;
20:26:51.354 [main] DEBUG karate.org.apache.http.wire - http-outgoing-3 &lt;&lt; &quot;[\r][\n]&quot;
20:26:51.354 [main] DEBUG karate.org.apache.http.wire - http-outgoing-3 &lt;&lt; &quot;17b[\r][\n]&quot;
20:26:51.354 [main] DEBUG karate.org.apache.http.wire - http-outgoing-3 &lt;&lt; &quot;[0x1f][0x8b][0x8][0x0][0x0][0x0][0x0][0x0][0x0][0x3][0x8d][0xd2][0xcd]n[0xa3]0[0x14][0x86][0xe1][q[0xcf]l](Y[0xf4][0xc7][0xab][0xaa][0xd2][0xcc]t[0xd1]n[0xa2][0xd9]U[0xa3][0xea][0x4][0xe][0xe0][0xd6][0xd8][0xee][0xb1]i[0xa6][0x8a]r[0xef]UM4T[0x88]D[0xec][0x0][0xbf][0x1f]z[0x84][0xd8][0x81][0xc7][0x86]@[0xad]$x[0xe2][0xe7][0xe1][0xe6]RBt[0x11][\r][0xa8]bu[0xb8]L&apos;!u[0x15]F[0x4][0xf5][0xb4][0x3]][0x81][0xba][0x92]@[0x1d]j[0x3][\n]&quot;
20:26:51.355 [main] DEBUG karate.org.apache.http.wire - http-outgoing-3 &lt;&lt; &quot;:][0xb6]H&amp;3[0xb8][\r][0xce][0xde]2[0xbd]1[0x85]L[[0x90]Pk[0xe][0xf1][0xd9]bG[0xa0][0xe0]q[0xe8]@[0x82][0xc1][0xf1][0xe9]CZ[0x81][0x4]|[0xc7][0x88][0xc][\n]&quot;
20:26:51.355 [main] DEBUG karate.org.apache.http.wire - http-outgoing-3 &lt;&lt; &quot;[0xda][0x18]}Py[0xfe][0xff]E[0xb9][0xee][0x9a][0xbc][0xc6][0x92]B~u[0xae];l({[0xf1][\r][0xec][0xe5]@[0xb9][0x1e])F[0xdb]*[0xe0]GV[0x13]7[0xfd]I[0xcc][0xc3]PN0[0xbf][0xe][0xbb][0xa5][0x9c][0xeb][0x19][0xce][0xcd][0xc8][0x89]n[0xa3]1duo_[0xe9]8[0xe5]O[0xaa][0xa6][0x92][0xaf][0xcd]R[0xc6][0xcd][0xc][0xa3][0xb8][0x18][0x1d][0x9b][0xf]v6[0xab]5[0x99]*[0x1c]w[0xdc]}USF[0xda],u[0x14][0x17]s[0x90]b[0x84]4[0xe4][0xb8][0xa1][0x8c][0xaa]-[0xf2])[0xca][0xef][0xd4]M,?[0x87][0xd5]bL1[0x87]Y[0x8d][0x18][0xc6][0xb2]%[0x93][0xb5]nK[0xc6][0x1c][0xb7][0xac]S6[0xb1][0xdc][0xa7][0xd1]b[0xca][0xea];[0xe5][0xaf][0x84][0xd0]{[0xef]8[0x82][0xda]A[0xcf]fv[0xfd][0xe3][0xd0][0x9c][0xb7][0x84][0x95][0xb6][\r]H[0x88][0xf4]/[0xa6][0xff]E[0xbc][0x12]y[0xb1][0xa6][0xb7]5[0x5]Q3[0x91][0x14][0xa5][0xb3][0x91][0xf5][0xa6][0x8f][0xda][0xd9] [0xa2]K[0x9f]J[0x4][0xe2]wbQ[0xba][0x10][0x83]@&amp;[0x81][0xde]3[0x95][0x1a]#Ug[0xb0][0xdf][0x2][0xf6][0x16][0x88]W[0x6][0x4][0x0][0x0][\r][\n]&quot;
20:26:51.356 [main] DEBUG karate.org.apache.http.headers - http-outgoing-3 &lt;&lt; HTTP/1.1 200 OK
20:26:51.356 [main] DEBUG karate.org.apache.http.headers - http-outgoing-3 &lt;&lt; Date: Sun, 08 Jan 2023 23:26:53 GMT
20:26:51.356 [main] DEBUG karate.org.apache.http.headers - http-outgoing-3 &lt;&lt; Content-Type: application/json; charset=utf-8
20:26:51.357 [main] DEBUG karate.org.apache.http.headers - http-outgoing-3 &lt;&lt; Transfer-Encoding: chunked
20:26:51.357 [main] DEBUG karate.org.apache.http.headers - http-outgoing-3 &lt;&lt; Connection: keep-alive
20:26:51.357 [main] DEBUG karate.org.apache.http.headers - http-outgoing-3 &lt;&lt; X-Powered-By: Express
20:26:51.357 [main] DEBUG karate.org.apache.http.headers - http-outgoing-3 &lt;&lt; Access-Control-Allow-Origin: *
20:26:51.357 [main] DEBUG karate.org.apache.http.headers - http-outgoing-3 &lt;&lt; Etag: W/&quot;406-ut0vzoCuidvyMf8arZpMpJ6ZRDw&quot;
20:26:51.358 [main] DEBUG karate.org.apache.http.headers - http-outgoing-3 &lt;&lt; Via: 1.1 vegur
20:26:51.358 [main] DEBUG karate.org.apache.http.headers - http-outgoing-3 &lt;&lt; Cache-Control: max-age=14400
20:26:51.358 [main] DEBUG karate.org.apache.http.headers - http-outgoing-3 &lt;&lt; CF-Cache-Status: HIT
20:26:51.358 [main] DEBUG karate.org.apache.http.headers - http-outgoing-3 &lt;&lt; Age: 2912
20:26:51.359 [main] DEBUG karate.org.apache.http.headers - http-outgoing-3 &lt;&lt; Report-To: {&quot;endpoints&quot;:[{&quot;url&quot;:&quot;https:\/\/a.nel.cloudflare.com\/report\/v3?s=SO9EMd429NuoyGTqXBT0Jqi4gkmMw78GZN8vzqeqNL9lhz9mEZZL0NbzNFtTZYBllUy3asKCWMpnu%2F1q%2BqqM4T7AlzKAke0nPVeZNRc2wNYRu2B32QDB0IpkmQ%3D%3D&quot;}],&quot;group&quot;:&quot;cf-nel&quot;,&quot;max_age&quot;:604800}
20:26:51.359 [main] DEBUG karate.org.apache.http.headers - http-outgoing-3 &lt;&lt; NEL: {&quot;success_fraction&quot;:0,&quot;report_to&quot;:&quot;cf-nel&quot;,&quot;max_age&quot;:604800}
20:26:51.359 [main] DEBUG karate.org.apache.http.headers - http-outgoing-3 &lt;&lt; Vary: Accept-Encoding
20:26:51.359 [main] DEBUG karate.org.apache.http.headers - http-outgoing-3 &lt;&lt; Server: cloudflare
20:26:51.360 [main] DEBUG karate.org.apache.http.headers - http-outgoing-3 &lt;&lt; CF-RAY: 7868b361af8f1b0e-GRU
20:26:51.360 [main] DEBUG karate.org.apache.http.headers - http-outgoing-3 &lt;&lt; Content-Encoding: gzip
20:26:51.360 [main] DEBUG karate.org.apache.http.impl.execchain.MainClientExec - Connection can be kept alive indefinitely
20:26:51.363 [main] DEBUG com.intuit.karate - response time in milliseconds: 178
1 &lt; 200
1 &lt; Date: Sun, 08 Jan 2023 23:26:53 GMT
1 &lt; Content-Type: application/json; charset=utf-8
1 &lt; Transfer-Encoding: chunked
1 &lt; Connection: keep-alive
1 &lt; X-Powered-By: Express
1 &lt; Access-Control-Allow-Origin: *
1 &lt; Etag: W/&quot;406-ut0vzoCuidvyMf8arZpMpJ6ZRDw&quot;
1 &lt; Via: 1.1 vegur
1 &lt; Cache-Control: max-age=14400
1 &lt; CF-Cache-Status: HIT
1 &lt; Age: 2912
1 &lt; Report-To: {&quot;endpoints&quot;:[{&quot;url&quot;:&quot;https:\/\/a.nel.cloudflare.com\/report\/v3?s=SO9EMd429NuoyGTqXBT0Jqi4gkmMw78GZN8vzqeqNL9lhz9mEZZL0NbzNFtTZYBllUy3asKCWMpnu%2F1q%2BqqM4T7AlzKAke0nPVeZNRc2wNYRu2B32QDB0IpkmQ%3D%3D&quot;}],&quot;group&quot;:&quot;cf-nel&quot;,&quot;max_age&quot;:604800}
1 &lt; NEL: {&quot;success_fraction&quot;:0,&quot;report_to&quot;:&quot;cf-nel&quot;,&quot;max_age&quot;:604800}
1 &lt; Vary: Accept-Encoding
1 &lt; Server: cloudflare
1 &lt; CF-RAY: 7868b361af8f1b0e-GRU
{&quot;per_page&quot;:6,&quot;total&quot;:12,&quot;data&quot;:[{&quot;last_name&quot;:&quot;Lawson&quot;,&quot;id&quot;:7,&quot;avatar&quot;:&quot;https:\/\/reqres.in\/img\/faces\/7-image.jpg&quot;,&quot;first_name&quot;:&quot;Michael&quot;,&quot;email&quot;:&quot;michael.lawson@reqres.in&quot;},{&quot;last_name&quot;:&quot;Ferguson&quot;,&quot;id&quot;:8,&quot;avatar&quot;:&quot;https:\/\/reqres.in\/img\/faces\/8-image.jpg&quot;,&quot;first_name&quot;:&quot;Lindsay&quot;,&quot;email&quot;:&quot;lindsay.ferguson@reqres.in&quot;},{&quot;last_name&quot;:&quot;Funke&quot;,&quot;id&quot;:9,&quot;avatar&quot;:&quot;https:\/\/reqres.in\/img\/faces\/9-image.jpg&quot;,&quot;first_name&quot;:&quot;Tobias&quot;,&quot;email&quot;:&quot;tobias.funke@reqres.in&quot;},{&quot;last_name&quot;:&quot;Fields&quot;,&quot;id&quot;:10,&quot;avatar&quot;:&quot;https:\/\/reqres.in\/img\/faces\/10-image.jpg&quot;,&quot;first_name&quot;:&quot;Byron&quot;,&quot;email&quot;:&quot;byron.fields@reqres.in&quot;},{&quot;last_name&quot;:&quot;Edwards&quot;,&quot;id&quot;:11,&quot;avatar&quot;:&quot;https:\/\/reqres.in\/img\/faces\/11-image.jpg&quot;,&quot;first_name&quot;:&quot;George&quot;,&quot;email&quot;:&quot;george.edwards@reqres.in&quot;},{&quot;last_name&quot;:&quot;Howell&quot;,&quot;id&quot;:12,&quot;avatar&quot;:&quot;https:\/\/reqres.in\/img\/faces\/12-image.jpg&quot;,&quot;first_name&quot;:&quot;Rachel&quot;,&quot;email&quot;:&quot;rachel.howell@reqres.in&quot;}],&quot;page&quot;:2,&quot;total_pages&quot;:2,&quot;support&quot;:{&quot;text&quot;:&quot;To keep ReqRes free, contributions towards server costs are appreciated!&quot;,&quot;url&quot;:&quot;https:\/\/reqres.in\/#support-heading&quot;}}
20:26:51.371 [main] ERROR com.intuit.karate - classpath:tests/FirstTest.feature:11
Then status 500
status code was: 200, expected: 500, response time in milliseconds: 178, url: https://reqres.in/api/users?page=2, response: 
{&quot;page&quot;:2,&quot;per_page&quot;:6,&quot;total&quot;:12,&quot;total_pages&quot;:2,&quot;data&quot;:[{&quot;id&quot;:7,&quot;email&quot;:&quot;michael.lawson@reqres.in&quot;,&quot;first_name&quot;:&quot;Michael&quot;,&quot;last_name&quot;:&quot;Lawson&quot;,&quot;avatar&quot;:&quot;https://reqres.in/img/faces/7-image.jpg&quot;},{&quot;id&quot;:8,&quot;email&quot;:&quot;lindsay.ferguson@reqres.in&quot;,&quot;first_name&quot;:&quot;Lindsay&quot;,&quot;last_name&quot;:&quot;Ferguson&quot;,&quot;avatar&quot;:&quot;https://reqres.in/img/faces/8-image.jpg&quot;},{&quot;id&quot;:9,&quot;email&quot;:&quot;tobias.funke@reqres.in&quot;,&quot;first_name&quot;:&quot;Tobias&quot;,&quot;last_name&quot;:&quot;Funke&quot;,&quot;avatar&quot;:&quot;https://reqres.in/img/faces/9-image.jpg&quot;},{&quot;id&quot;:10,&quot;email&quot;:&quot;byron.fields@reqres.in&quot;,&quot;first_name&quot;:&quot;Byron&quot;,&quot;last_name&quot;:&quot;Fields&quot;,&quot;avatar&quot;:&quot;https://reqres.in/img/faces/10-image.jpg&quot;},{&quot;id&quot;:11,&quot;email&quot;:&quot;george.edwards@reqres.in&quot;,&quot;first_name&quot;:&quot;George&quot;,&quot;last_name&quot;:&quot;Edwards&quot;,&quot;avatar&quot;:&quot;https://reqres.in/img/faces/11-image.jpg&quot;},{&quot;id&quot;:12,&quot;email&quot;:&quot;rachel.howell@reqres.in&quot;,&quot;first_name&quot;:&quot;Rachel&quot;,&quot;last_name&quot;:&quot;Howell&quot;,&quot;avatar&quot;:&quot;https://reqres.in/img/faces/12-image.jpg&quot;}],&quot;support&quot;:{&quot;url&quot;:&quot;https://reqres.in/#support-heading&quot;,&quot;text&quot;:&quot;To keep ReqRes free, contributions towards server costs are appreciated!&quot;}}
classpath:tests/FirstTest.feature:11
</system-out>
  </testcase>
  <testcase classname="[tests/Get] Get API Demo" name="[1:8] Get Demo 1" time="0.269"/>
  <testcase classname="[tests/Get] Get API Demo" name="[2:19] Get Demo 2" time="0.215"/>
  <testcase classname="[tests/Get] Get API Demo" name="[3:26] Get Demo 3" time="0.147"/>
  <testcase classname="[tests/Get] Get API Demo" name="[4:34] Get Demo 4" time="0.173"/>
  <testcase classname="[tests/Post] Post API Demo" name="[1:12] Post Demo 1" time="0.785"/>
  <testcase classname="[tests/Post] Post API Demo" name="[2:20] Post Demo 2" time="0.636"/>
  <testcase classname="[tests/Post] Post API Demo" name="[3:28] Post Demo 3" time="0.691"/>
  <testcase classname="[tests/Post] Post API Demo" name="[4:37] Post Demo 4" time="0.701"/>
  <testcase classname="[tests/Post] Post API Demo" name="[5:46] Post Demo 5" time="0.738"/>
  <testcase classname="[tests/Post] Post API Demo" name="[6:55] Post Demo 6" time="0.613">
    <error message="match failed: EQUALS
  $ | not equal | match failed for name: &apos;job&apos; (MAP:MAP)
  {&quot;createdAt&quot;:&quot;2023-01-08T23:26:59.050Z&quot;,&quot;name&quot;:&quot;Adecarlos&quot;,&quot;id&quot;:&quot;807&quot;,&quot;job&quot;:&quot;Maconheiro&quot;}
  {&quot;createdAt&quot;:&quot;#ignore&quot;,&quot;name&quot;:&quot;Adecarlos&quot;,&quot;id&quot;:&quot;#string&quot;,&quot;job&quot;:&quot;Student&quot;}

    $.job | not equal (STRING:STRING)
    &apos;Maconheiro&apos;
    &apos;Student&apos;

classpath:tests/Post.feature:61" type="com.intuit.karate.KarateException">com.intuit.karate.KarateException: match failed: EQUALS
  $ | not equal | match failed for name: &apos;job&apos; (MAP:MAP)
  {&quot;createdAt&quot;:&quot;2023-01-08T23:26:59.050Z&quot;,&quot;name&quot;:&quot;Adecarlos&quot;,&quot;id&quot;:&quot;807&quot;,&quot;job&quot;:&quot;Maconheiro&quot;}
  {&quot;createdAt&quot;:&quot;#ignore&quot;,&quot;name&quot;:&quot;Adecarlos&quot;,&quot;id&quot;:&quot;#string&quot;,&quot;job&quot;:&quot;Student&quot;}

    $.job | not equal (STRING:STRING)
    &apos;Maconheiro&apos;
    &apos;Student&apos;

classpath:tests/Post.feature:61
	at &lt;feature&gt;.: And match response == expectedOutput (classpath:tests/Post.feature:61:61)
</error>
    <system-out>20:26:56.182 [main] INFO com.intuit.karate - The value of env is  null 
20:26:56.190 [main] DEBUG com.jayway.jsonpath.internal.path.CompiledPath - Evaluating path: $
20:26:56.193 [main] DEBUG com.jayway.jsonpath.internal.path.CompiledPath - Evaluating path: $
20:26:56.194 [main] INFO com.intuit.karate - [print] {
  &quot;name&quot;: &quot;Adecarlos&quot;,
  &quot;job&quot;: &quot;Student&quot;
}
 
20:26:56.197 [main] DEBUG com.jayway.jsonpath.internal.path.CompiledPath - Evaluating path: $[&apos;job&apos;]
20:26:56.198 [main] DEBUG com.jayway.jsonpath.internal.path.CompiledPath - Evaluating path: $
20:26:56.199 [main] DEBUG com.jayway.jsonpath.internal.JsonContext - Put path $ key job value Maconheiro
20:26:56.203 [main] DEBUG karate.org.apache.http.client.protocol.RequestAddCookies - CookieSpec selected: karate
20:26:56.203 [main] DEBUG karate.org.apache.http.client.protocol.RequestAuthCache - Auth cache not set in the context
20:26:56.204 [main] DEBUG com.intuit.karate - request:
1 &gt; POST https://reqres.in/api/users
1 &gt; Accept: application/json
1 &gt; Content-Type: application/json; charset=UTF-8
1 &gt; Content-Length: 39
1 &gt; Host: reqres.in
1 &gt; Connection: Keep-Alive
1 &gt; User-Agent: Apache-HttpClient/4.5.13 (Java/15.0.2)
1 &gt; Accept-Encoding: gzip,deflate
{&quot;name&quot;:&quot;Adecarlos&quot;,&quot;job&quot;:&quot;Maconheiro&quot;}

20:26:56.204 [main] DEBUG karate.org.apache.http.impl.conn.PoolingHttpClientConnectionManager - Connection request: [route: {s}-&gt;https://reqres.in:443][total available: 0; route allocated: 0 of 5; total allocated: 0 of 10]
20:26:56.204 [main] DEBUG karate.org.apache.http.impl.conn.PoolingHttpClientConnectionManager - Connection leased: [id: 13][route: {s}-&gt;https://reqres.in:443][total available: 0; route allocated: 1 of 5; total allocated: 1 of 10]
20:26:56.205 [main] DEBUG karate.org.apache.http.impl.execchain.MainClientExec - Opening connection {s}-&gt;https://reqres.in:443
20:26:56.205 [main] DEBUG karate.org.apache.http.impl.conn.DefaultHttpClientConnectionOperator - Connecting to reqres.in/104.26.10.213:443
20:26:56.205 [main] DEBUG karate.org.apache.http.conn.ssl.SSLConnectionSocketFactory - Connecting socket to reqres.in/104.26.10.213:443 with timeout 30000
20:26:56.260 [main] DEBUG karate.org.apache.http.conn.ssl.SSLConnectionSocketFactory - Enabled protocols: [TLSv1.3, TLSv1.2, TLSv1.1, TLSv1]
20:26:56.260 [main] DEBUG karate.org.apache.http.conn.ssl.SSLConnectionSocketFactory - Enabled cipher suites:[TLS_AES_256_GCM_SHA384, TLS_AES_128_GCM_SHA256, TLS_CHACHA20_POLY1305_SHA256, TLS_ECDHE_ECDSA_WITH_AES_256_GCM_SHA384, TLS_ECDHE_ECDSA_WITH_AES_128_GCM_SHA256, TLS_ECDHE_ECDSA_WITH_CHACHA20_POLY1305_SHA256, TLS_ECDHE_RSA_WITH_AES_256_GCM_SHA384, TLS_ECDHE_RSA_WITH_CHACHA20_POLY1305_SHA256, TLS_ECDHE_RSA_WITH_AES_128_GCM_SHA256, TLS_DHE_RSA_WITH_AES_256_GCM_SHA384, TLS_DHE_RSA_WITH_CHACHA20_POLY1305_SHA256, TLS_DHE_DSS_WITH_AES_256_GCM_SHA384, TLS_DHE_RSA_WITH_AES_128_GCM_SHA256, TLS_DHE_DSS_WITH_AES_128_GCM_SHA256, TLS_ECDHE_ECDSA_WITH_AES_256_CBC_SHA384, TLS_ECDHE_RSA_WITH_AES_256_CBC_SHA384, TLS_ECDHE_ECDSA_WITH_AES_128_CBC_SHA256, TLS_ECDHE_RSA_WITH_AES_128_CBC_SHA256, TLS_DHE_RSA_WITH_AES_256_CBC_SHA256, TLS_DHE_DSS_WITH_AES_256_CBC_SHA256, TLS_DHE_RSA_WITH_AES_128_CBC_SHA256, TLS_DHE_DSS_WITH_AES_128_CBC_SHA256, TLS_ECDH_ECDSA_WITH_AES_256_GCM_SHA384, TLS_ECDH_RSA_WITH_AES_256_GCM_SHA384, TLS_ECDH_ECDSA_WITH_AES_128_GCM_SHA256, TLS_ECDH_RSA_WITH_AES_128_GCM_SHA256, TLS_ECDH_ECDSA_WITH_AES_256_CBC_SHA384, TLS_ECDH_RSA_WITH_AES_256_CBC_SHA384, TLS_ECDH_ECDSA_WITH_AES_128_CBC_SHA256, TLS_ECDH_RSA_WITH_AES_128_CBC_SHA256, TLS_ECDHE_ECDSA_WITH_AES_256_CBC_SHA, TLS_ECDHE_RSA_WITH_AES_256_CBC_SHA, TLS_ECDHE_ECDSA_WITH_AES_128_CBC_SHA, TLS_ECDHE_RSA_WITH_AES_128_CBC_SHA, TLS_DHE_RSA_WITH_AES_256_CBC_SHA, TLS_DHE_DSS_WITH_AES_256_CBC_SHA, TLS_DHE_RSA_WITH_AES_128_CBC_SHA, TLS_DHE_DSS_WITH_AES_128_CBC_SHA, TLS_ECDH_ECDSA_WITH_AES_256_CBC_SHA, TLS_ECDH_RSA_WITH_AES_256_CBC_SHA, TLS_ECDH_ECDSA_WITH_AES_128_CBC_SHA, TLS_ECDH_RSA_WITH_AES_128_CBC_SHA, TLS_RSA_WITH_AES_256_GCM_SHA384, TLS_RSA_WITH_AES_128_GCM_SHA256, TLS_RSA_WITH_AES_256_CBC_SHA256, TLS_RSA_WITH_AES_128_CBC_SHA256, TLS_RSA_WITH_AES_256_CBC_SHA, TLS_RSA_WITH_AES_128_CBC_SHA, TLS_EMPTY_RENEGOTIATION_INFO_SCSV]
20:26:56.260 [main] DEBUG karate.org.apache.http.conn.ssl.SSLConnectionSocketFactory - Starting handshake
20:26:56.336 [main] DEBUG karate.org.apache.http.conn.ssl.SSLConnectionSocketFactory - Secure session established
20:26:56.336 [main] DEBUG karate.org.apache.http.conn.ssl.SSLConnectionSocketFactory -  negotiated protocol: TLSv1.3
20:26:56.336 [main] DEBUG karate.org.apache.http.conn.ssl.SSLConnectionSocketFactory -  negotiated cipher suite: TLS_AES_256_GCM_SHA384
20:26:56.336 [main] DEBUG karate.org.apache.http.conn.ssl.SSLConnectionSocketFactory -  peer principal: CN=sni.cloudflaressl.com, O=&quot;Cloudflare, Inc.&quot;, L=San Francisco, ST=California, C=US
20:26:56.336 [main] DEBUG karate.org.apache.http.conn.ssl.SSLConnectionSocketFactory -  peer alternative names: [*.reqres.in, reqres.in, sni.cloudflaressl.com]
20:26:56.336 [main] DEBUG karate.org.apache.http.conn.ssl.SSLConnectionSocketFactory -  issuer principal: CN=Cloudflare Inc ECC CA-3, O=&quot;Cloudflare, Inc.&quot;, C=US
20:26:56.337 [main] DEBUG karate.org.apache.http.impl.conn.DefaultHttpClientConnectionOperator - Connection established 192.168.68.112:56093&lt;-&gt;104.26.10.213:443
20:26:56.337 [main] DEBUG karate.org.apache.http.impl.conn.DefaultManagedHttpClientConnection - http-outgoing-13: set socket timeout to 30000
20:26:56.337 [main] DEBUG karate.org.apache.http.impl.execchain.MainClientExec - Executing request POST /api/users HTTP/1.1
20:26:56.337 [main] DEBUG karate.org.apache.http.impl.execchain.MainClientExec - Target auth state: UNCHALLENGED
20:26:56.337 [main] DEBUG karate.org.apache.http.impl.execchain.MainClientExec - Proxy auth state: UNCHALLENGED
20:26:56.337 [main] DEBUG karate.org.apache.http.headers - http-outgoing-13 &gt;&gt; POST /api/users HTTP/1.1
20:26:56.337 [main] DEBUG karate.org.apache.http.headers - http-outgoing-13 &gt;&gt; Accept: application/json
20:26:56.337 [main] DEBUG karate.org.apache.http.headers - http-outgoing-13 &gt;&gt; Content-Type: application/json; charset=UTF-8
20:26:56.337 [main] DEBUG karate.org.apache.http.headers - http-outgoing-13 &gt;&gt; Content-Length: 39
20:26:56.337 [main] DEBUG karate.org.apache.http.headers - http-outgoing-13 &gt;&gt; Host: reqres.in
20:26:56.337 [main] DEBUG karate.org.apache.http.headers - http-outgoing-13 &gt;&gt; Connection: Keep-Alive
20:26:56.337 [main] DEBUG karate.org.apache.http.headers - http-outgoing-13 &gt;&gt; User-Agent: Apache-HttpClient/4.5.13 (Java/15.0.2)
20:26:56.337 [main] DEBUG karate.org.apache.http.headers - http-outgoing-13 &gt;&gt; Accept-Encoding: gzip,deflate
20:26:56.337 [main] DEBUG karate.org.apache.http.wire - http-outgoing-13 &gt;&gt; &quot;POST /api/users HTTP/1.1[\r][\n]&quot;
20:26:56.337 [main] DEBUG karate.org.apache.http.wire - http-outgoing-13 &gt;&gt; &quot;Accept: application/json[\r][\n]&quot;
20:26:56.337 [main] DEBUG karate.org.apache.http.wire - http-outgoing-13 &gt;&gt; &quot;Content-Type: application/json; charset=UTF-8[\r][\n]&quot;
20:26:56.337 [main] DEBUG karate.org.apache.http.wire - http-outgoing-13 &gt;&gt; &quot;Content-Length: 39[\r][\n]&quot;
20:26:56.337 [main] DEBUG karate.org.apache.http.wire - http-outgoing-13 &gt;&gt; &quot;Host: reqres.in[\r][\n]&quot;
20:26:56.337 [main] DEBUG karate.org.apache.http.wire - http-outgoing-13 &gt;&gt; &quot;Connection: Keep-Alive[\r][\n]&quot;
20:26:56.337 [main] DEBUG karate.org.apache.http.wire - http-outgoing-13 &gt;&gt; &quot;User-Agent: Apache-HttpClient/4.5.13 (Java/15.0.2)[\r][\n]&quot;
20:26:56.337 [main] DEBUG karate.org.apache.http.wire - http-outgoing-13 &gt;&gt; &quot;Accept-Encoding: gzip,deflate[\r][\n]&quot;
20:26:56.337 [main] DEBUG karate.org.apache.http.wire - http-outgoing-13 &gt;&gt; &quot;[\r][\n]&quot;
20:26:56.337 [main] DEBUG karate.org.apache.http.wire - http-outgoing-13 &gt;&gt; &quot;{&quot;name&quot;:&quot;Adecarlos&quot;,&quot;job&quot;:&quot;Maconheiro&quot;}&quot;
20:26:56.773 [main] DEBUG karate.org.apache.http.wire - http-outgoing-13 &lt;&lt; &quot;HTTP/1.1 201 Created[\r][\n]&quot;
20:26:56.773 [main] DEBUG karate.org.apache.http.wire - http-outgoing-13 &lt;&lt; &quot;Date: Sun, 08 Jan 2023 23:26:59 GMT[\r][\n]&quot;
20:26:56.773 [main] DEBUG karate.org.apache.http.wire - http-outgoing-13 &lt;&lt; &quot;Content-Type: application/json; charset=utf-8[\r][\n]&quot;
20:26:56.773 [main] DEBUG karate.org.apache.http.wire - http-outgoing-13 &lt;&lt; &quot;Content-Length: 89[\r][\n]&quot;
20:26:56.773 [main] DEBUG karate.org.apache.http.wire - http-outgoing-13 &lt;&lt; &quot;Connection: keep-alive[\r][\n]&quot;
20:26:56.773 [main] DEBUG karate.org.apache.http.wire - http-outgoing-13 &lt;&lt; &quot;X-Powered-By: Express[\r][\n]&quot;
20:26:56.773 [main] DEBUG karate.org.apache.http.wire - http-outgoing-13 &lt;&lt; &quot;Access-Control-Allow-Origin: *[\r][\n]&quot;
20:26:56.773 [main] DEBUG karate.org.apache.http.wire - http-outgoing-13 &lt;&lt; &quot;Etag: W/&quot;59-QeeoRvVXlvhdFNa6r6Lk2jxVhRA&quot;[\r][\n]&quot;
20:26:56.773 [main] DEBUG karate.org.apache.http.wire - http-outgoing-13 &lt;&lt; &quot;Via: 1.1 vegur[\r][\n]&quot;
20:26:56.773 [main] DEBUG karate.org.apache.http.wire - http-outgoing-13 &lt;&lt; &quot;CF-Cache-Status: DYNAMIC[\r][\n]&quot;
20:26:56.773 [main] DEBUG karate.org.apache.http.wire - http-outgoing-13 &lt;&lt; &quot;Report-To: {&quot;endpoints&quot;:[{&quot;url&quot;:&quot;https:\/\/a.nel.cloudflare.com\/report\/v3?s=RKfyq1qXiRBVXBdiWJDrjxxMZ3VvpOLZVD7XBQZkwCyqjsFlcbULYQNWiEQB4kMTkFWUsVxOxD8Lc%2F2V%2F1pjf9LMvFSiu7FK9r3zbAiUnrIWH9ss5gdSaA3Ztg%3D%3D&quot;}],&quot;group&quot;:&quot;cf-nel&quot;,&quot;max_age&quot;:604800}[\r][\n]&quot;
20:26:56.774 [main] DEBUG karate.org.apache.http.wire - http-outgoing-13 &lt;&lt; &quot;NEL: {&quot;success_fraction&quot;:0,&quot;report_to&quot;:&quot;cf-nel&quot;,&quot;max_age&quot;:604800}[\r][\n]&quot;
20:26:56.774 [main] DEBUG karate.org.apache.http.wire - http-outgoing-13 &lt;&lt; &quot;Server: cloudflare[\r][\n]&quot;
20:26:56.774 [main] DEBUG karate.org.apache.http.wire - http-outgoing-13 &lt;&lt; &quot;CF-RAY: 7868b3812aada678-GRU[\r][\n]&quot;
20:26:56.774 [main] DEBUG karate.org.apache.http.wire - http-outgoing-13 &lt;&lt; &quot;[\r][\n]&quot;
20:26:56.774 [main] DEBUG karate.org.apache.http.wire - http-outgoing-13 &lt;&lt; &quot;{&quot;name&quot;:&quot;Adecarlos&quot;,&quot;job&quot;:&quot;Maconheiro&quot;,&quot;id&quot;:&quot;807&quot;,&quot;createdAt&quot;:&quot;2023-01-08T23:26:59.050Z&quot;}&quot;
20:26:56.774 [main] DEBUG karate.org.apache.http.headers - http-outgoing-13 &lt;&lt; HTTP/1.1 201 Created
20:26:56.774 [main] DEBUG karate.org.apache.http.headers - http-outgoing-13 &lt;&lt; Date: Sun, 08 Jan 2023 23:26:59 GMT
20:26:56.774 [main] DEBUG karate.org.apache.http.headers - http-outgoing-13 &lt;&lt; Content-Type: application/json; charset=utf-8
20:26:56.774 [main] DEBUG karate.org.apache.http.headers - http-outgoing-13 &lt;&lt; Content-Length: 89
20:26:56.774 [main] DEBUG karate.org.apache.http.headers - http-outgoing-13 &lt;&lt; Connection: keep-alive
20:26:56.775 [main] DEBUG karate.org.apache.http.headers - http-outgoing-13 &lt;&lt; X-Powered-By: Express
20:26:56.775 [main] DEBUG karate.org.apache.http.headers - http-outgoing-13 &lt;&lt; Access-Control-Allow-Origin: *
20:26:56.775 [main] DEBUG karate.org.apache.http.headers - http-outgoing-13 &lt;&lt; Etag: W/&quot;59-QeeoRvVXlvhdFNa6r6Lk2jxVhRA&quot;
20:26:56.775 [main] DEBUG karate.org.apache.http.headers - http-outgoing-13 &lt;&lt; Via: 1.1 vegur
20:26:56.775 [main] DEBUG karate.org.apache.http.headers - http-outgoing-13 &lt;&lt; CF-Cache-Status: DYNAMIC
20:26:56.775 [main] DEBUG karate.org.apache.http.headers - http-outgoing-13 &lt;&lt; Report-To: {&quot;endpoints&quot;:[{&quot;url&quot;:&quot;https:\/\/a.nel.cloudflare.com\/report\/v3?s=RKfyq1qXiRBVXBdiWJDrjxxMZ3VvpOLZVD7XBQZkwCyqjsFlcbULYQNWiEQB4kMTkFWUsVxOxD8Lc%2F2V%2F1pjf9LMvFSiu7FK9r3zbAiUnrIWH9ss5gdSaA3Ztg%3D%3D&quot;}],&quot;group&quot;:&quot;cf-nel&quot;,&quot;max_age&quot;:604800}
20:26:56.775 [main] DEBUG karate.org.apache.http.headers - http-outgoing-13 &lt;&lt; NEL: {&quot;success_fraction&quot;:0,&quot;report_to&quot;:&quot;cf-nel&quot;,&quot;max_age&quot;:604800}
20:26:56.775 [main] DEBUG karate.org.apache.http.headers - http-outgoing-13 &lt;&lt; Server: cloudflare
20:26:56.775 [main] DEBUG karate.org.apache.http.headers - http-outgoing-13 &lt;&lt; CF-RAY: 7868b3812aada678-GRU
20:26:56.775 [main] DEBUG karate.org.apache.http.impl.execchain.MainClientExec - Connection can be kept alive indefinitely
20:26:56.777 [main] DEBUG karate.org.apache.http.impl.conn.PoolingHttpClientConnectionManager - Connection [id: 13][route: {s}-&gt;https://reqres.in:443] can be kept alive indefinitely
20:26:56.777 [main] DEBUG karate.org.apache.http.impl.conn.DefaultManagedHttpClientConnection - http-outgoing-13: set socket timeout to 0
20:26:56.777 [main] DEBUG karate.org.apache.http.impl.conn.PoolingHttpClientConnectionManager - Connection released: [id: 13][route: {s}-&gt;https://reqres.in:443][total available: 1; route allocated: 1 of 5; total allocated: 1 of 10]
20:26:56.778 [main] DEBUG com.intuit.karate - response time in milliseconds: 573
1 &lt; 201
1 &lt; Date: Sun, 08 Jan 2023 23:26:59 GMT
1 &lt; Content-Type: application/json; charset=utf-8
1 &lt; Content-Length: 89
1 &lt; Connection: keep-alive
1 &lt; X-Powered-By: Express
1 &lt; Access-Control-Allow-Origin: *
1 &lt; Etag: W/&quot;59-QeeoRvVXlvhdFNa6r6Lk2jxVhRA&quot;
1 &lt; Via: 1.1 vegur
1 &lt; CF-Cache-Status: DYNAMIC
1 &lt; Report-To: {&quot;endpoints&quot;:[{&quot;url&quot;:&quot;https:\/\/a.nel.cloudflare.com\/report\/v3?s=RKfyq1qXiRBVXBdiWJDrjxxMZ3VvpOLZVD7XBQZkwCyqjsFlcbULYQNWiEQB4kMTkFWUsVxOxD8Lc%2F2V%2F1pjf9LMvFSiu7FK9r3zbAiUnrIWH9ss5gdSaA3Ztg%3D%3D&quot;}],&quot;group&quot;:&quot;cf-nel&quot;,&quot;max_age&quot;:604800}
1 &lt; NEL: {&quot;success_fraction&quot;:0,&quot;report_to&quot;:&quot;cf-nel&quot;,&quot;max_age&quot;:604800}
1 &lt; Server: cloudflare
1 &lt; CF-RAY: 7868b3812aada678-GRU
{&quot;createdAt&quot;:&quot;2023-01-08T23:26:59.050Z&quot;,&quot;name&quot;:&quot;Adecarlos&quot;,&quot;id&quot;:&quot;807&quot;,&quot;job&quot;:&quot;Maconheiro&quot;}
20:26:56.784 [main] ERROR com.intuit.karate - classpath:tests/Post.feature:61
And match response == expectedOutput
match failed: EQUALS
  $ | not equal | match failed for name: &apos;job&apos; (MAP:MAP)
  {&quot;createdAt&quot;:&quot;2023-01-08T23:26:59.050Z&quot;,&quot;name&quot;:&quot;Adecarlos&quot;,&quot;id&quot;:&quot;807&quot;,&quot;job&quot;:&quot;Maconheiro&quot;}
  {&quot;createdAt&quot;:&quot;#ignore&quot;,&quot;name&quot;:&quot;Adecarlos&quot;,&quot;id&quot;:&quot;#string&quot;,&quot;job&quot;:&quot;Student&quot;}

    $.job | not equal (STRING:STRING)
    &apos;Maconheiro&apos;
    &apos;Student&apos;

classpath:tests/Post.feature:61
</system-out>
  </testcase>
  <testcase classname="[tests/Put] Put API Demo" name="[1:9] Put demo 1" time="0.757"/>
</testsuite>